<?xml version="1.0" encoding="UTF-8"?>
<testsuite name="searchable.RecordTest" tests="4" skipped="0" failures="0" errors="0" timestamp="2022-10-29T05:57:22" hostname="DESKTOP-DM0E31D" time="0.027">
  <properties/>
  <testcase name="getFullName()" classname="searchable.RecordTest" time="0.025"/>
  <testcase name="getFirstName()" classname="searchable.RecordTest" time="0.001"/>
  <testcase name="getLastName()" classname="searchable.RecordTest" time="0.0"/>
  <testcase name="getNumber()" classname="searchable.RecordTest" time="0.0"/>
  <system-out><![CDATA[]]></system-out>
  <system-err><![CDATA[]]></system-err>
</testsuite>
