<?xml version="1.0" encoding="UTF-8"?>
<testsuite name="searchable.SearcherTest" tests="8" skipped="0" failures="0" errors="0" timestamp="2022-10-29T05:57:22" hostname="DESKTOP-DM0E31D" time="0.026">
  <properties/>
  <testcase name="getProperMessageWithSeconds()" classname="searchable.SearcherTest" time="0.007"/>
  <testcase name="getProperMessageWithCorrectFound()" classname="searchable.SearcherTest" time="0.0"/>
  <testcase name="getProperMessageWithCorrectTotal()" classname="searchable.SearcherTest" time="0.001"/>
  <testcase name="getProperMessageWithMillis()" classname="searchable.SearcherTest" time="0.001"/>
  <testcase name="searchFunctionReturnsProperMessage()" classname="searchable.SearcherTest" time="0.004"/>
  <testcase name="getEmptyArrayIfFileDoesNotExit()" classname="searchable.SearcherTest" time="0.003"/>
  <testcase name="getProperMessageWithMinutes()" classname="searchable.SearcherTest" time="0.001"/>
  <testcase name="getStringArrayFromFile()" classname="searchable.SearcherTest" time="0.0"/>
  <system-out><![CDATA[null
imaginaryFile (The system cannot find the file specified)
]]></system-out>
  <system-err><![CDATA[]]></system-err>
</testsuite>
