<?xml version="1.0" encoding="UTF-8"?>
<testsuite name="searchable.LinearSearcherTest" tests="3" skipped="0" failures="0" errors="0" timestamp="2022-10-29T06:12:46" hostname="DESKTOP-DM0E31D" time="0.003">
  <properties/>
  <testcase name="countElementsOfSubArray()" classname="searchable.LinearSearcherTest" time="0.0"/>
  <testcase name="checkIfElementIsInArray()" classname="searchable.LinearSearcherTest" time="0.001"/>
  <testcase name="getSearchingMessage()" classname="searchable.LinearSearcherTest" time="0.001"/>
  <system-out><![CDATA[]]></system-out>
  <system-err><![CDATA[]]></system-err>
</testsuite>
