<?xml version="1.0" encoding="UTF-8"?>
<testsuite name="searchable.SearcherTest" tests="11" skipped="0" failures="0" errors="0" timestamp="2022-10-29T08:23:38" hostname="DESKTOP-DM0E31D" time="0.078">
  <properties/>
  <testcase name="getProperMessageWithSeconds()" classname="searchable.SearcherTest" time="0.014"/>
  <testcase name="getProperDurationStringWithMillis()" classname="searchable.SearcherTest" time="0.001"/>
  <testcase name="getProperMessageWithCorrectFound()" classname="searchable.SearcherTest" time="0.001"/>
  <testcase name="getProperMessageWithCorrectTotal()" classname="searchable.SearcherTest" time="0.001"/>
  <testcase name="[1] searchable.LinearSearcher@6ce90bc5" classname="searchable.SearcherTest" time="0.021"/>
  <testcase name="[2] searchable.JumpSearcher@2d6aca33" classname="searchable.SearcherTest" time="0.0"/>
  <testcase name="getEmptyArrayIfFileDoesNotExit()" classname="searchable.SearcherTest" time="0.004"/>
  <testcase name="getRecordArray()" classname="searchable.SearcherTest" time="0.001"/>
  <testcase name="numberOfElementsFound()" classname="searchable.SearcherTest" time="0.001"/>
  <testcase name="getRecordFromStringTest()" classname="searchable.SearcherTest" time="0.0"/>
  <testcase name="getProperMessageWithMinutes()" classname="searchable.SearcherTest" time="0.001"/>
  <system-out><![CDATA[imaginaryFile (The system cannot find the file specified)
]]></system-out>
  <system-err><![CDATA[]]></system-err>
</testsuite>
