<?xml version="1.0" encoding="UTF-8"?>
<testsuite name="project.searchable.RecordSorterTest" tests="2" skipped="0" failures="0" errors="0" timestamp="2022-10-29T13:00:39" hostname="DESKTOP-DM0E31D" time="0.019">
  <properties/>
  <testcase name="bubbleSort()" classname="project.searchable.RecordSorterTest" time="0.017"/>
  <testcase name="bubbleSorterThrowErrorWhenExceedsTime()" classname="project.searchable.RecordSorterTest" time="0.002"/>
  <system-out><![CDATA[]]></system-out>
  <system-err><![CDATA[]]></system-err>
</testsuite>
