<?xml version="1.0" encoding="UTF-8"?>
<testsuite name="LinearSearcherTest" tests="2" skipped="0" failures="0" errors="0" timestamp="2022-10-28T06:00:10" hostname="DESKTOP-DM0E31D" time="0.02">
  <properties/>
  <testcase name="countElementsOfSubArray()" classname="LinearSearcherTest" time="0.018"/>
  <testcase name="checkIfElementIsInArray()" classname="LinearSearcherTest" time="0.001"/>
  <system-out><![CDATA[]]></system-out>
  <system-err><![CDATA[]]></system-err>
</testsuite>
