<?xml version="1.0" encoding="UTF-8"?>
<testsuite name="project.searchable.RecordTest" tests="5" skipped="0" failures="0" errors="0" timestamp="2022-10-29T13:48:55" hostname="DESKTOP-DM0E31D" time="0.003">
  <properties/>
  <testcase name="recordsAreEqualIfTheyHaveSameFullName()" classname="project.searchable.RecordTest" time="0.0"/>
  <testcase name="compareTo()" classname="project.searchable.RecordTest" time="0.0"/>
  <testcase name="getName()" classname="project.searchable.RecordTest" time="0.0"/>
  <testcase name="getNumber()" classname="project.searchable.RecordTest" time="0.001"/>
  <testcase name="recordCreatedWithOneParameters()" classname="project.searchable.RecordTest" time="0.0"/>
  <system-out><![CDATA[]]></system-out>
  <system-err><![CDATA[]]></system-err>
</testsuite>
