<?xml version="1.0" encoding="UTF-8"?>
<testsuite name="project.searchable.SearcherTest" tests="8" skipped="0" failures="0" errors="0" timestamp="2022-10-29T12:46:09" hostname="DESKTOP-DM0E31D" time="0.079">
  <properties/>
  <testcase name="getProperMessageWithSeconds()" classname="project.searchable.SearcherTest" time="0.029"/>
  <testcase name="getProperDurationStringWithMillis()" classname="project.searchable.SearcherTest" time="0.001"/>
  <testcase name="getProperMessageWithCorrectFound()" classname="project.searchable.SearcherTest" time="0.001"/>
  <testcase name="getProperMessageWithCorrectTotal()" classname="project.searchable.SearcherTest" time="0.001"/>
  <testcase name="[1] project.searchable.LinearSearcher@5432050b" classname="project.searchable.SearcherTest" time="0.018"/>
  <testcase name="[2] project.searchable.JumpSearcher@512d4583" classname="project.searchable.SearcherTest" time="0.0"/>
  <testcase name="numberOfElementsFound()" classname="project.searchable.SearcherTest" time="0.002"/>
  <testcase name="getProperMessageWithMinutes()" classname="project.searchable.SearcherTest" time="0.0"/>
  <system-out><![CDATA[]]></system-out>
  <system-err><![CDATA[]]></system-err>
</testsuite>
