<?xml version="1.0" encoding="UTF-8"?>
<testsuite name="searchable.JumpSearcherTest" tests="3" skipped="0" failures="0" errors="0" timestamp="2022-10-29T08:05:20" hostname="DESKTOP-DM0E31D" time="0.005">
  <properties/>
  <testcase name="search()" classname="searchable.JumpSearcherTest" time="0.001"/>
  <testcase name="numberOfElementsFound()" classname="searchable.JumpSearcherTest" time="0.0"/>
  <testcase name="isElementInSearchableFile()" classname="searchable.JumpSearcherTest" time="0.001"/>
  <system-out><![CDATA[]]></system-out>
  <system-err><![CDATA[]]></system-err>
</testsuite>
