<?xml version="1.0" encoding="UTF-8"?>
<testsuite name="searchable.LinearSearcherTest" tests="2" skipped="0" failures="0" errors="0" timestamp="2022-10-28T06:09:34" hostname="DESKTOP-DM0E31D" time="0.019">
  <properties/>
  <testcase name="countElementsOfSubArray()" classname="searchable.LinearSearcherTest" time="0.017"/>
  <testcase name="checkIfElementIsInArray()" classname="searchable.LinearSearcherTest" time="0.001"/>
  <system-out><![CDATA[]]></system-out>
  <system-err><![CDATA[]]></system-err>
</testsuite>
