<?xml version="1.0" encoding="UTF-8"?>
<testsuite name="project.searchable.JumpSearcherTest" tests="2" skipped="0" failures="0" errors="0" timestamp="2022-10-30T09:25:05" hostname="DESKTOP-DM0E31D" time="0.005">
  <properties/>
  <testcase name="getProperMessageWhenSortIsInterrupted()" classname="project.searchable.JumpSearcherTest" time="0.004"/>
  <testcase name="getProperSearchMessage()" classname="project.searchable.JumpSearcherTest" time="0.001"/>
  <system-out><![CDATA[]]></system-out>
  <system-err><![CDATA[]]></system-err>
</testsuite>
