<?xml version="1.0" encoding="UTF-8"?>
<testsuite name="project.searchable.LinearSearcherTest" tests="1" skipped="0" failures="0" errors="0" timestamp="2022-10-29T16:13:05" hostname="DESKTOP-DM0E31D" time="0.001">
  <properties/>
  <testcase name="searchFunctionReturnCorrectString()" classname="project.searchable.LinearSearcherTest" time="0.001"/>
  <system-out><![CDATA[]]></system-out>
  <system-err><![CDATA[]]></system-err>
</testsuite>
