<?xml version="1.0" encoding="UTF-8"?>
<testsuite name="MainTest" tests="4" skipped="0" failures="0" errors="0" timestamp="2022-10-27T23:08:17" hostname="DESKTOP-DM0E31D" time="0.027">
  <properties/>
  <testcase name="zeroIfArraysAreEmptyOrNull()" classname="MainTest" time="0.023"/>
  <testcase name="countElementsOfSubArray()" classname="MainTest" time="0.001"/>
  <testcase name="checkIfElementIsInArray()" classname="MainTest" time="0.001"/>
  <testcase name="elementIsNotInArray()" classname="MainTest" time="0.001"/>
  <system-out><![CDATA[]]></system-out>
  <system-err><![CDATA[]]></system-err>
</testsuite>
