<?xml version="1.0" encoding="UTF-8"?>
<testsuite name="project.RecordReaderTest" tests="2" skipped="0" failures="0" errors="0" timestamp="2022-10-29T12:41:57" hostname="DESKTOP-DM0E31D" time="0.008">
  <properties/>
  <testcase name="readFileToRecordArray()" classname="project.RecordReaderTest" time="0.004"/>
  <testcase name="returnEmptyArrayIfFileNotFound()" classname="project.RecordReaderTest" time="0.003"/>
  <system-out><![CDATA[imaginaryfile (The system cannot find the file specified)
]]></system-out>
  <system-err><![CDATA[]]></system-err>
</testsuite>
