<?xml version="1.0" encoding="UTF-8"?>
<testsuite name="MainTest" tests="10" skipped="0" failures="0" errors="0" timestamp="2022-10-28T00:02:21" hostname="DESKTOP-DM0E31D" time="0.036">
  <properties/>
  <testcase name="zeroIfArraysAreEmptyOrNull()" classname="MainTest" time="0.022"/>
  <testcase name="getProperMessageWithSeconds()" classname="MainTest" time="0.002"/>
  <testcase name="countElementsOfSubArray()" classname="MainTest" time="0.001"/>
  <testcase name="getProperMessageWithCorrectFound()" classname="MainTest" time="0.001"/>
  <testcase name="getProperMessageWithCorrectTotal()" classname="MainTest" time="0.0"/>
  <testcase name="getProperMessageWithMillis()" classname="MainTest" time="0.0"/>
  <testcase name="checkIfElementIsInArray()" classname="MainTest" time="0.001"/>
  <testcase name="elementIsNotInArray()" classname="MainTest" time="0.001"/>
  <testcase name="getProperMessageWithMinutes()" classname="MainTest" time="0.001"/>
  <testcase name="getStringArrayFromFile()" classname="MainTest" time="0.004"/>
  <system-out><![CDATA[imaginaryfile (The system cannot find the file specified)
]]></system-out>
  <system-err><![CDATA[]]></system-err>
</testsuite>
