<?xml version="1.0" encoding="UTF-8"?>
<testsuite name="project.searchable.SearcherTest" tests="9" skipped="0" failures="0" errors="0" timestamp="2022-10-29T13:20:21" hostname="DESKTOP-DM0E31D" time="0.081">
  <properties/>
  <testcase name="getProperMessageWithSeconds()" classname="project.searchable.SearcherTest" time="0.028"/>
  <testcase name="getProperDurationStringWithMillis()" classname="project.searchable.SearcherTest" time="0.0"/>
  <testcase name="getProperMessageWithCorrectFound()" classname="project.searchable.SearcherTest" time="0.001"/>
  <testcase name="getProperMessageWithCorrectTotal()" classname="project.searchable.SearcherTest" time="0.0"/>
  <testcase name="[1] project.searchable.LinearSearcher@5328a9c1" classname="project.searchable.SearcherTest" time="0.02"/>
  <testcase name="[2] project.searchable.JumpSearcher@2687f956" classname="project.searchable.SearcherTest" time="0.001"/>
  <testcase name="searchDuration()" classname="project.searchable.SearcherTest" time="0.001"/>
  <testcase name="numberOfElementsFound()" classname="project.searchable.SearcherTest" time="0.003"/>
  <testcase name="getProperMessageWithMinutes()" classname="project.searchable.SearcherTest" time="0.001"/>
  <system-out><![CDATA[]]></system-out>
  <system-err><![CDATA[]]></system-err>
</testsuite>
