<?xml version="1.0" encoding="UTF-8"?>
<testsuite name="searchable.RecordTest" tests="5" skipped="0" failures="0" errors="0" timestamp="2022-10-29T08:05:20" hostname="DESKTOP-DM0E31D" time="0.004">
  <properties/>
  <testcase name="recordsAreEqualIfTheyHaveSameFullName()" classname="searchable.RecordTest" time="0.0"/>
  <testcase name="compareTo()" classname="searchable.RecordTest" time="0.0"/>
  <testcase name="getName()" classname="searchable.RecordTest" time="0.001"/>
  <testcase name="getNumber()" classname="searchable.RecordTest" time="0.001"/>
  <testcase name="recordCreatedWithOneParameters()" classname="searchable.RecordTest" time="0.001"/>
  <system-out><![CDATA[]]></system-out>
  <system-err><![CDATA[]]></system-err>
</testsuite>
