<?xml version="1.0" encoding="UTF-8"?>
<testsuite name="project.searchable.ContactTest" tests="5" skipped="0" failures="0" errors="0" timestamp="2022-10-30T09:25:04" hostname="DESKTOP-DM0E31D" time="0.004">
  <properties/>
  <testcase name="compareTo()" classname="project.searchable.ContactTest" time="0.001"/>
  <testcase name="contactsAreEqualIfTheyHaveSameFullName()" classname="project.searchable.ContactTest" time="0.0"/>
  <testcase name="contactCreatedWithOneParameters()" classname="project.searchable.ContactTest" time="0.001"/>
  <testcase name="getName()" classname="project.searchable.ContactTest" time="0.0"/>
  <testcase name="getNumber()" classname="project.searchable.ContactTest" time="0.0"/>
  <system-out><![CDATA[]]></system-out>
  <system-err><![CDATA[]]></system-err>
</testsuite>
