<?xml version="1.0" encoding="UTF-8"?>
<testsuite name="MainTest" tests="5" skipped="0" failures="0" errors="0" timestamp="2022-10-27T23:38:59" hostname="DESKTOP-DM0E31D" time="0.027">
  <properties/>
  <testcase name="zeroIfArraysAreEmptyOrNull()" classname="MainTest" time="0.019"/>
  <testcase name="countElementsOfSubArray()" classname="MainTest" time="0.001"/>
  <testcase name="checkIfElementIsInArray()" classname="MainTest" time="0.001"/>
  <testcase name="elementIsNotInArray()" classname="MainTest" time="0.001"/>
  <testcase name="getStringArrayFromFile()" classname="MainTest" time="0.005"/>
  <system-out><![CDATA[imaginaryfile (The system cannot find the file specified)
]]></system-out>
  <system-err><![CDATA[]]></system-err>
</testsuite>
